2021-01-26 10:40:16  ------  rtcode=0000&rtmessage=c3VjY2Vzcw==&trackinfo=KU,10099106,10099106&size=1
2021-01-26 10:40:16  ------  invoice:KU10099106
2021-01-26 10:40:57  ------  rtcode=1001&rtmessage=5om+5LiN5Yiw6LOH5paZ&trackinfo=&size=0
2021-01-26 10:40:57  ------  invoice:
2021-01-26 10:57:01  ------  invoice begin
2021-01-26 10:57:01  ------  rtcode=1001&rtmessage=5om+5LiN5Yiw6LOH5paZ&trackinfo=&size=0
2021-01-26 10:57:01  ------  invoice:
2021-01-26 10:58:05  ------  invoice begin
2021-01-26 10:58:06  ------  rtcode=1001&rtmessage=5om+5LiN5Yiw6LOH5paZ&trackinfo=&size=0
2021-01-26 10:58:06  ------  invoice:
2021-01-26 11:01:43  ------  invoice begin
2021-01-26 11:01:43  ------  rtcode=0000&rtmessage=c3VjY2Vzcw==&trackinfo=KU,10099107,10099107&size=1
2021-01-26 11:01:43  ------  invoice:KU10099107
2021-01-26 11:04:56  ------  invoice begin
2021-01-26 11:04:56  ------  rtcode=0000&rtmessage=c3VjY2Vzcw==&trackinfo=KU,10099108,10099108&size=1
2021-01-26 11:04:56  ------  invoice:KU10099108
2021-01-26 11:04:56  ------  rtcode=0000&rtmessage=c3VjY2Vzcw==
2021-01-26 20:00:25  ------  invoice begin
2021-01-26 20:00:26  ------  rtcode=0000&rtmessage=c3VjY2Vzcw==&trackinfo=KU,10099109,10099109&size=1
2021-01-26 20:00:26  ------  invoice:KU10099109
2021-01-26 20:00:26  ------  rtcode=0000&rtmessage=c3VjY2Vzcw==
