2021-01-27 01:29:55  ------  invoice begin
2021-01-27 01:29:55  ------  rtcode=0000&rtmessage=c3VjY2Vzcw==&trackinfo=KU,10099110,10099110&size=1
2021-01-27 01:29:55  ------  invoice:KU10099110
2021-01-27 01:29:56  ------  rtcode=1314&rtmessage=5oeJ56iF6Yq35ZSu6aGN6Yyv6KqkKOmcgOWhq+aVtOaVuCk6S1UxMDA5OTExMA==
2021-01-27 01:37:18  ------  invoice begin
2021-01-27 01:37:19  ------  rtcode=0000&rtmessage=c3VjY2Vzcw==&trackinfo=KU,10099111,10099111&size=1
2021-01-27 01:37:19  ------  invoice:KU10099111
2021-01-27 01:37:19  ------  rtcode=1314&rtmessage=5oeJ56iF6Yq35ZSu6aGN6Yyv6KqkKOmcgOWhq+aVtOaVuCk6S1UxMDA5OTExMQ==
2021-01-27 01:37:57  ------  invoice begin
2021-01-27 01:37:57  ------  rtcode=0000&rtmessage=c3VjY2Vzcw==&trackinfo=KU,10099112,10099112&size=1
2021-01-27 01:37:57  ------  invoice:KU10099112
2021-01-27 01:37:58  ------  rtcode=1314&rtmessage=5oeJ56iF6Yq35ZSu6aGN6Yyv6KqkKOmcgOWhq+aVtOaVuCk6S1UxMDA5OTExMg==
2021-01-27 01:38:02  ------  invoice begin
2021-01-27 01:38:02  ------  rtcode=0000&rtmessage=c3VjY2Vzcw==&trackinfo=KU,10099113,10099113&size=1
2021-01-27 01:38:02  ------  invoice:KU10099113
2021-01-27 01:38:03  ------  rtcode=1314&rtmessage=5oeJ56iF6Yq35ZSu6aGN6Yyv6KqkKOmcgOWhq+aVtOaVuCk6S1UxMDA5OTExMw==
2021-01-27 01:38:22  ------  invoice begin
2021-01-27 01:38:22  ------  rtcode=0000&rtmessage=c3VjY2Vzcw==&trackinfo=KU,10099114,10099114&size=1
2021-01-27 01:38:22  ------  invoice:KU10099114
2021-01-27 01:38:22  ------  rtcode=1314&rtmessage=5oeJ56iF6Yq35ZSu6aGN6Yyv6KqkKOmcgOWhq+aVtOaVuCk6S1UxMDA5OTExNA==
2021-01-27 01:39:31  ------  invoice begin
2021-01-27 01:39:32  ------  rtcode=0000&rtmessage=c3VjY2Vzcw==&trackinfo=KU,10099115,10099115&size=1
2021-01-27 01:39:32  ------  invoice:KU10099115
2021-01-27 01:39:32  ------  rtcode=1314&rtmessage=5oeJ56iF6Yq35ZSu6aGN6Yyv6KqkKOmcgOWhq+aVtOaVuCk6S1UxMDA5OTExNQ==
2021-01-27 01:47:50  ------  invoice begin
2021-01-27 01:47:50  ------  rtcode=0000&rtmessage=c3VjY2Vzcw==&trackinfo=KU,10099116,10099116&size=1
2021-01-27 01:47:50  ------  invoice:KU10099116
2021-01-27 01:47:50  ------  rtcode=1314&rtmessage=5oeJ56iF6Yq35ZSu6aGN6Yyv6KqkKOmcgOWhq+aVtOaVuCk6S1UxMDA5OTExNg==
2021-01-27 13:38:47  ------  invoice begin
2021-01-27 13:38:47  ------  rtcode=0000&rtmessage=c3VjY2Vzcw==&trackinfo=KU,10099117,10099117&size=1
2021-01-27 13:38:47  ------  invoice:KU10099117
2021-01-27 13:38:47  ------  rtcode=1310&rtmessage=6LK35pa55ZCN56ix6Yyv6KqkOktVMTAwOTkxMTc=
2021-01-27 15:49:13  ------  invoice begin
2021-01-27 15:49:13  ------  rtcode=0000&rtmessage=c3VjY2Vzcw==&trackinfo=KU,10099118,10099118&size=1
2021-01-27 15:49:13  ------  invoice:KU10099118
2021-01-27 15:49:14  ------  rtcode=0000&rtmessage=c3VjY2Vzcw==
2021-01-27 15:53:35  ------  invoice begin
2021-01-27 15:53:36  ------  rtcode=0000&rtmessage=c3VjY2Vzcw==&trackinfo=KU,10099119,10099119&size=1
2021-01-27 15:53:36  ------  invoice:KU10099119
2021-01-27 15:53:36  ------  rtcode=0000&rtmessage=c3VjY2Vzcw==
2021-01-27 15:54:58  ------  invoice begin
2021-01-27 15:54:58  ------  rtcode=0000&rtmessage=c3VjY2Vzcw==&trackinfo=KU,10099120,10099120&size=1
2021-01-27 15:54:58  ------  invoice:KU10099120
2021-01-27 15:54:58  ------  rtcode=0000&rtmessage=c3VjY2Vzcw==
2021-01-27 18:59:51  ------  invoice begin
2021-01-27 18:59:51  ------  rtcode=0000&rtmessage=c3VjY2Vzcw==&trackinfo=KU,10099121,10099121&size=1
2021-01-27 18:59:51  ------  invoice:KU10099121
2021-01-27 18:59:51  ------  rtcode=1310&rtmessage=6LK35pa55ZCN56ix6Yyv6KqkOktVMTAwOTkxMjE=
2021-01-27 19:00:00  ------  invoice begin
2021-01-27 19:00:01  ------  rtcode=0000&rtmessage=c3VjY2Vzcw==&trackinfo=KU,10099122,10099122&size=1
2021-01-27 19:00:01  ------  invoice:KU10099122
2021-01-27 19:00:02  ------  rtcode=1310&rtmessage=6LK35pa55ZCN56ix6Yyv6KqkOktVMTAwOTkxMjI=
